<?xml version="1.0" encoding="UTF-8"?>
<testsuite xmlns:xsi="http://www.w3.org/2001/XMLSchema-instance" xsi:noNamespaceSchemaLocation="https://maven.apache.org/surefire/maven-surefire-plugin/xsd/surefire-test-report.xsd" name="examples.ExamplesTest" time="32.221" tests="31" errors="0" skipped="0" failures="6">
  <properties>
    <property name="java.specification.version" value="21"/>
    <property name="sun.cpu.isalist" value="amd64"/>
    <property name="sun.jnu.encoding" value="Cp1252"/>
    <property name="java.class.path" value="C:\Users\fazil\Downloads\api-project\myproject\target\test-classes;C:\Users\fazil\Downloads\api-project\myproject\target\classes;C:\Users\fazil\.m2\repository\com\intuit\karate\karate-junit5\1.4.1\karate-junit5-1.4.1.jar;C:\Users\fazil\.m2\repository\com\intuit\karate\karate-core\1.4.1\karate-core-1.4.1.jar;C:\Users\fazil\.m2\repository\org\graalvm\js\js-scriptengine\22.3.3\js-scriptengine-22.3.3.jar;C:\Users\fazil\.m2\repository\org\graalvm\sdk\graal-sdk\22.3.3\graal-sdk-22.3.3.jar;C:\Users\fazil\.m2\repository\org\graalvm\js\js\22.3.3\js-22.3.3.jar;C:\Users\fazil\.m2\repository\org\graalvm\regex\regex\22.3.3\regex-22.3.3.jar;C:\Users\fazil\.m2\repository\org\graalvm\truffle\truffle-api\22.3.3\truffle-api-22.3.3.jar;C:\Users\fazil\.m2\repository\com\ibm\icu\icu4j\71.1\icu4j-71.1.jar;C:\Users\fazil\.m2\repository\org\thymeleaf\thymeleaf\3.1.2.RELEASE\thymeleaf-3.1.2.RELEASE.jar;C:\Users\fazil\.m2\repository\ognl\ognl\3.3.4\ognl-3.3.4.jar;C:\Users\fazil\.m2\repository\org\javassist\javassist\3.29.0-GA\javassist-3.29.0-GA.jar;C:\Users\fazil\.m2\repository\org\attoparser\attoparser\2.0.7.RELEASE\attoparser-2.0.7.RELEASE.jar;C:\Users\fazil\.m2\repository\org\unbescape\unbescape\1.1.6.RELEASE\unbescape-1.1.6.RELEASE.jar;C:\Users\fazil\.m2\repository\org\slf4j\slf4j-api\2.0.7\slf4j-api-2.0.7.jar;C:\Users\fazil\.m2\repository\com\linecorp\armeria\armeria\1.25.2\armeria-1.25.2.jar;C:\Users\fazil\.m2\repository\com\fasterxml\jackson\core\jackson-core\2.15.2\jackson-core-2.15.2.jar;C:\Users\fazil\.m2\repository\com\fasterxml\jackson\core\jackson-annotations\2.15.2\jackson-annotations-2.15.2.jar;C:\Users\fazil\.m2\repository\com\fasterxml\jackson\core\jackson-databind\2.15.2\jackson-databind-2.15.2.jar;C:\Users\fazil\.m2\repository\com\fasterxml\jackson\datatype\jackson-datatype-jdk8\2.15.2\jackson-datatype-jdk8-2.15.2.jar;C:\Users\fazil\.m2\repository\com\fasterxml\jackson\datatype\jackson-datatype-jsr310\2.15.2\jackson-datatype-jsr310-2.15.2.jar;C:\Users\fazil\.m2\repository\io\micrometer\micrometer-core\1.11.3\micrometer-core-1.11.3.jar;C:\Users\fazil\.m2\repository\io\micrometer\micrometer-commons\1.11.3\micrometer-commons-1.11.3.jar;C:\Users\fazil\.m2\repository\io\micrometer\micrometer-observation\1.11.3\micrometer-observation-1.11.3.jar;C:\Users\fazil\.m2\repository\org\hdrhistogram\HdrHistogram\2.1.12\HdrHistogram-2.1.12.jar;C:\Users\fazil\.m2\repository\org\latencyutils\LatencyUtils\2.0.3\LatencyUtils-2.0.3.jar;C:\Users\fazil\.m2\repository\io\netty\netty-transport\4.1.96.Final\netty-transport-4.1.96.Final.jar;C:\Users\fazil\.m2\repository\io\netty\netty-common\4.1.96.Final\netty-common-4.1.96.Final.jar;C:\Users\fazil\.m2\repository\io\netty\netty-buffer\4.1.96.Final\netty-buffer-4.1.96.Final.jar;C:\Users\fazil\.m2\repository\io\netty\netty-resolver\4.1.96.Final\netty-resolver-4.1.96.Final.jar;C:\Users\fazil\.m2\repository\io\netty\netty-codec-haproxy\4.1.96.Final\netty-codec-haproxy-4.1.96.Final.jar;C:\Users\fazil\.m2\repository\io\netty\netty-codec\4.1.96.Final\netty-codec-4.1.96.Final.jar;C:\Users\fazil\.m2\repository\io\netty\netty-codec-http2\4.1.96.Final\netty-codec-http2-4.1.96.Final.jar;C:\Users\fazil\.m2\repository\io\netty\netty-handler\4.1.96.Final\netty-handler-4.1.96.Final.jar;C:\Users\fazil\.m2\repository\io\netty\netty-codec-http\4.1.96.Final\netty-codec-http-4.1.96.Final.jar;C:\Users\fazil\.m2\repository\io\netty\netty-resolver-dns\4.1.96.Final\netty-resolver-dns-4.1.96.Final.jar;C:\Users\fazil\.m2\repository\io\netty\netty-codec-dns\4.1.96.Final\netty-codec-dns-4.1.96.Final.jar;C:\Users\fazil\.m2\repository\org\reactivestreams\reactive-streams\1.0.4\reactive-streams-1.0.4.jar;C:\Users\fazil\.m2\repository\com\google\code\findbugs\jsr305\3.0.2\jsr305-3.0.2.jar;C:\Users\fazil\.m2\repository\io\netty\netty-handler-proxy\4.1.96.Final\netty-handler-proxy-4.1.96.Final.jar;C:\Users\fazil\.m2\repository\io\netty\netty-codec-socks\4.1.96.Final\netty-codec-socks-4.1.96.Final.jar;C:\Users\fazil\.m2\repository\io\netty\netty-transport-native-unix-common\4.1.96.Final\netty-transport-native-unix-common-4.1.96.Final-linux-x86_64.jar;C:\Users\fazil\.m2\repository\io\netty\netty-transport-native-epoll\4.1.96.Final\netty-transport-native-epoll-4.1.96.Final-linux-x86_64.jar;C:\Users\fazil\.m2\repository\io\netty\netty-transport-native-unix-common\4.1.96.Final\netty-transport-native-unix-common-4.1.96.Final.jar;C:\Users\fazil\.m2\repository\io\netty\netty-transport-classes-epoll\4.1.96.Final\netty-transport-classes-epoll-4.1.96.Final.jar;C:\Users\fazil\.m2\repository\io\netty\netty-transport-native-unix-common\4.1.96.Final\netty-transport-native-unix-common-4.1.96.Final-linux-aarch_64.jar;C:\Users\fazil\.m2\repository\io\netty\netty-transport-native-epoll\4.1.96.Final\netty-transport-native-epoll-4.1.96.Final-linux-aarch_64.jar;C:\Users\fazil\.m2\repository\io\netty\netty-transport-native-unix-common\4.1.96.Final\netty-transport-native-unix-common-4.1.96.Final-osx-x86_64.jar;C:\Users\fazil\.m2\repository\io\netty\netty-transport-native-kqueue\4.1.96.Final\netty-transport-native-kqueue-4.1.96.Final-osx-x86_64.jar;C:\Users\fazil\.m2\repository\io\netty\netty-transport-classes-kqueue\4.1.96.Final\netty-transport-classes-kqueue-4.1.96.Final.jar;C:\Users\fazil\.m2\repository\io\netty\netty-resolver-dns-native-macos\4.1.96.Final\netty-resolver-dns-native-macos-4.1.96.Final-osx-x86_64.jar;C:\Users\fazil\.m2\repository\io\netty\netty-resolver-dns-classes-macos\4.1.96.Final\netty-resolver-dns-classes-macos-4.1.96.Final.jar;C:\Users\fazil\.m2\repository\io\netty\netty-transport-native-unix-common\4.1.96.Final\netty-transport-native-unix-common-4.1.96.Final-osx-aarch_64.jar;C:\Users\fazil\.m2\repository\io\netty\netty-transport-native-kqueue\4.1.96.Final\netty-transport-native-kqueue-4.1.96.Final-osx-aarch_64.jar;C:\Users\fazil\.m2\repository\io\netty\netty-resolver-dns-native-macos\4.1.96.Final\netty-resolver-dns-native-macos-4.1.96.Final-osx-aarch_64.jar;C:\Users\fazil\.m2\repository\io\netty\netty-tcnative-boringssl-static\2.0.61.Final\netty-tcnative-boringssl-static-2.0.61.Final-linux-x86_64.jar;C:\Users\fazil\.m2\repository\io\netty\netty-tcnative-classes\2.0.61.Final\netty-tcnative-classes-2.0.61.Final.jar;C:\Users\fazil\.m2\repository\io\netty\netty-tcnative-boringssl-static\2.0.61.Final\netty-tcnative-boringssl-static-2.0.61.Final-linux-aarch_64.jar;C:\Users\fazil\.m2\repository\io\netty\netty-tcnative-boringssl-static\2.0.61.Final\netty-tcnative-boringssl-static-2.0.61.Final-osx-x86_64.jar;C:\Users\fazil\.m2\repository\io\netty\netty-tcnative-boringssl-static\2.0.61.Final\netty-tcnative-boringssl-static-2.0.61.Final-osx-aarch_64.jar;C:\Users\fazil\.m2\repository\io\netty\netty-tcnative-boringssl-static\2.0.61.Final\netty-tcnative-boringssl-static-2.0.61.Final-windows-x86_64.jar;C:\Users\fazil\.m2\repository\com\aayushatharva\brotli4j\brotli4j\1.12.0\brotli4j-1.12.0.jar;C:\Users\fazil\.m2\repository\com\aayushatharva\brotli4j\service\1.12.0\service-1.12.0.jar;C:\Users\fazil\.m2\repository\com\aayushatharva\brotli4j\native-windows-x86_64\1.12.0\native-windows-x86_64-1.12.0.jar;C:\Users\fazil\.m2\repository\org\apache\httpcomponents\httpclient\4.5.14\httpclient-4.5.14.jar;C:\Users\fazil\.m2\repository\org\apache\httpcomponents\httpcore\4.4.16\httpcore-4.4.16.jar;C:\Users\fazil\.m2\repository\commons-codec\commons-codec\1.16.0\commons-codec-1.16.0.jar;C:\Users\fazil\.m2\repository\ch\qos\logback\logback-classic\1.4.11\logback-classic-1.4.11.jar;C:\Users\fazil\.m2\repository\ch\qos\logback\logback-core\1.4.11\logback-core-1.4.11.jar;C:\Users\fazil\.m2\repository\org\slf4j\jcl-over-slf4j\2.0.9\jcl-over-slf4j-2.0.9.jar;C:\Users\fazil\.m2\repository\org\antlr\antlr4-runtime\4.11.1\antlr4-runtime-4.11.1.jar;C:\Users\fazil\.m2\repository\com\jayway\jsonpath\json-path\2.8.0\json-path-2.8.0.jar;C:\Users\fazil\.m2\repository\net\minidev\json-smart\2.4.10\json-smart-2.4.10.jar;C:\Users\fazil\.m2\repository\net\minidev\accessors-smart\2.4.9\accessors-smart-2.4.9.jar;C:\Users\fazil\.m2\repository\org\ow2\asm\asm\9.3\asm-9.3.jar;C:\Users\fazil\.m2\repository\org\yaml\snakeyaml\2.0\snakeyaml-2.0.jar;C:\Users\fazil\.m2\repository\de\siegmar\fastcsv\2.2.1\fastcsv-2.2.1.jar;C:\Users\fazil\.m2\repository\info\picocli\picocli\4.7.1\picocli-4.7.1.jar;C:\Users\fazil\.m2\repository\io\github\classgraph\classgraph\4.8.160\classgraph-4.8.160.jar;C:\Users\fazil\.m2\repository\io\github\t12y\resemble\1.0.2\resemble-1.0.2.jar;C:\Users\fazil\.m2\repository\io\github\t12y\ssim\1.0.0\ssim-1.0.0.jar;C:\Users\fazil\.m2\repository\org\junit\jupiter\junit-jupiter-api\5.9.3\junit-jupiter-api-5.9.3.jar;C:\Users\fazil\.m2\repository\org\opentest4j\opentest4j\1.2.0\opentest4j-1.2.0.jar;C:\Users\fazil\.m2\repository\org\junit\platform\junit-platform-commons\1.9.3\junit-platform-commons-1.9.3.jar;C:\Users\fazil\.m2\repository\org\apiguardian\apiguardian-api\1.1.2\apiguardian-api-1.1.2.jar;C:\Users\fazil\.m2\repository\org\junit\jupiter\junit-jupiter-engine\5.9.3\junit-jupiter-engine-5.9.3.jar;C:\Users\fazil\.m2\repository\org\junit\platform\junit-platform-engine\1.9.3\junit-platform-engine-1.9.3.jar;"/>
    <property name="java.vm.vendor" value="Oracle Corporation"/>
    <property name="sun.arch.data.model" value="64"/>
    <property name="user.variant" value=""/>
    <property name="java.vendor.url" value="https://java.oracle.com/"/>
    <property name="user.timezone" value="Asia/Calcutta"/>
    <property name="os.name" value="Windows 11"/>
    <property name="java.vm.specification.version" value="21"/>
    <property name="sun.java.launcher" value="SUN_STANDARD"/>
    <property name="user.country" value="IN"/>
    <property name="sun.boot.library.path" value="C:\Program Files\Java\jdk-21\bin"/>
    <property name="sun.java.command" value="C:\Users\fazil\AppData\Local\Temp\surefire6611253949241738175\surefirebooter202577349997678064.jar C:\Users\fazil\AppData\Local\Temp\surefire6611253949241738175 2025-08-10T22-21-59_150-jvmRun1 surefire7284713676989055575tmp surefire_07914126214643993617tmp"/>
    <property name="jdk.debug" value="release"/>
    <property name="surefire.test.class.path" value="C:\Users\fazil\Downloads\api-project\myproject\target\test-classes;C:\Users\fazil\Downloads\api-project\myproject\target\classes;C:\Users\fazil\.m2\repository\com\intuit\karate\karate-junit5\1.4.1\karate-junit5-1.4.1.jar;C:\Users\fazil\.m2\repository\com\intuit\karate\karate-core\1.4.1\karate-core-1.4.1.jar;C:\Users\fazil\.m2\repository\org\graalvm\js\js-scriptengine\22.3.3\js-scriptengine-22.3.3.jar;C:\Users\fazil\.m2\repository\org\graalvm\sdk\graal-sdk\22.3.3\graal-sdk-22.3.3.jar;C:\Users\fazil\.m2\repository\org\graalvm\js\js\22.3.3\js-22.3.3.jar;C:\Users\fazil\.m2\repository\org\graalvm\regex\regex\22.3.3\regex-22.3.3.jar;C:\Users\fazil\.m2\repository\org\graalvm\truffle\truffle-api\22.3.3\truffle-api-22.3.3.jar;C:\Users\fazil\.m2\repository\com\ibm\icu\icu4j\71.1\icu4j-71.1.jar;C:\Users\fazil\.m2\repository\org\thymeleaf\thymeleaf\3.1.2.RELEASE\thymeleaf-3.1.2.RELEASE.jar;C:\Users\fazil\.m2\repository\ognl\ognl\3.3.4\ognl-3.3.4.jar;C:\Users\fazil\.m2\repository\org\javassist\javassist\3.29.0-GA\javassist-3.29.0-GA.jar;C:\Users\fazil\.m2\repository\org\attoparser\attoparser\2.0.7.RELEASE\attoparser-2.0.7.RELEASE.jar;C:\Users\fazil\.m2\repository\org\unbescape\unbescape\1.1.6.RELEASE\unbescape-1.1.6.RELEASE.jar;C:\Users\fazil\.m2\repository\org\slf4j\slf4j-api\2.0.7\slf4j-api-2.0.7.jar;C:\Users\fazil\.m2\repository\com\linecorp\armeria\armeria\1.25.2\armeria-1.25.2.jar;C:\Users\fazil\.m2\repository\com\fasterxml\jackson\core\jackson-core\2.15.2\jackson-core-2.15.2.jar;C:\Users\fazil\.m2\repository\com\fasterxml\jackson\core\jackson-annotations\2.15.2\jackson-annotations-2.15.2.jar;C:\Users\fazil\.m2\repository\com\fasterxml\jackson\core\jackson-databind\2.15.2\jackson-databind-2.15.2.jar;C:\Users\fazil\.m2\repository\com\fasterxml\jackson\datatype\jackson-datatype-jdk8\2.15.2\jackson-datatype-jdk8-2.15.2.jar;C:\Users\fazil\.m2\repository\com\fasterxml\jackson\datatype\jackson-datatype-jsr310\2.15.2\jackson-datatype-jsr310-2.15.2.jar;C:\Users\fazil\.m2\repository\io\micrometer\micrometer-core\1.11.3\micrometer-core-1.11.3.jar;C:\Users\fazil\.m2\repository\io\micrometer\micrometer-commons\1.11.3\micrometer-commons-1.11.3.jar;C:\Users\fazil\.m2\repository\io\micrometer\micrometer-observation\1.11.3\micrometer-observation-1.11.3.jar;C:\Users\fazil\.m2\repository\org\hdrhistogram\HdrHistogram\2.1.12\HdrHistogram-2.1.12.jar;C:\Users\fazil\.m2\repository\org\latencyutils\LatencyUtils\2.0.3\LatencyUtils-2.0.3.jar;C:\Users\fazil\.m2\repository\io\netty\netty-transport\4.1.96.Final\netty-transport-4.1.96.Final.jar;C:\Users\fazil\.m2\repository\io\netty\netty-common\4.1.96.Final\netty-common-4.1.96.Final.jar;C:\Users\fazil\.m2\repository\io\netty\netty-buffer\4.1.96.Final\netty-buffer-4.1.96.Final.jar;C:\Users\fazil\.m2\repository\io\netty\netty-resolver\4.1.96.Final\netty-resolver-4.1.96.Final.jar;C:\Users\fazil\.m2\repository\io\netty\netty-codec-haproxy\4.1.96.Final\netty-codec-haproxy-4.1.96.Final.jar;C:\Users\fazil\.m2\repository\io\netty\netty-codec\4.1.96.Final\netty-codec-4.1.96.Final.jar;C:\Users\fazil\.m2\repository\io\netty\netty-codec-http2\4.1.96.Final\netty-codec-http2-4.1.96.Final.jar;C:\Users\fazil\.m2\repository\io\netty\netty-handler\4.1.96.Final\netty-handler-4.1.96.Final.jar;C:\Users\fazil\.m2\repository\io\netty\netty-codec-http\4.1.96.Final\netty-codec-http-4.1.96.Final.jar;C:\Users\fazil\.m2\repository\io\netty\netty-resolver-dns\4.1.96.Final\netty-resolver-dns-4.1.96.Final.jar;C:\Users\fazil\.m2\repository\io\netty\netty-codec-dns\4.1.96.Final\netty-codec-dns-4.1.96.Final.jar;C:\Users\fazil\.m2\repository\org\reactivestreams\reactive-streams\1.0.4\reactive-streams-1.0.4.jar;C:\Users\fazil\.m2\repository\com\google\code\findbugs\jsr305\3.0.2\jsr305-3.0.2.jar;C:\Users\fazil\.m2\repository\io\netty\netty-handler-proxy\4.1.96.Final\netty-handler-proxy-4.1.96.Final.jar;C:\Users\fazil\.m2\repository\io\netty\netty-codec-socks\4.1.96.Final\netty-codec-socks-4.1.96.Final.jar;C:\Users\fazil\.m2\repository\io\netty\netty-transport-native-unix-common\4.1.96.Final\netty-transport-native-unix-common-4.1.96.Final-linux-x86_64.jar;C:\Users\fazil\.m2\repository\io\netty\netty-transport-native-epoll\4.1.96.Final\netty-transport-native-epoll-4.1.96.Final-linux-x86_64.jar;C:\Users\fazil\.m2\repository\io\netty\netty-transport-native-unix-common\4.1.96.Final\netty-transport-native-unix-common-4.1.96.Final.jar;C:\Users\fazil\.m2\repository\io\netty\netty-transport-classes-epoll\4.1.96.Final\netty-transport-classes-epoll-4.1.96.Final.jar;C:\Users\fazil\.m2\repository\io\netty\netty-transport-native-unix-common\4.1.96.Final\netty-transport-native-unix-common-4.1.96.Final-linux-aarch_64.jar;C:\Users\fazil\.m2\repository\io\netty\netty-transport-native-epoll\4.1.96.Final\netty-transport-native-epoll-4.1.96.Final-linux-aarch_64.jar;C:\Users\fazil\.m2\repository\io\netty\netty-transport-native-unix-common\4.1.96.Final\netty-transport-native-unix-common-4.1.96.Final-osx-x86_64.jar;C:\Users\fazil\.m2\repository\io\netty\netty-transport-native-kqueue\4.1.96.Final\netty-transport-native-kqueue-4.1.96.Final-osx-x86_64.jar;C:\Users\fazil\.m2\repository\io\netty\netty-transport-classes-kqueue\4.1.96.Final\netty-transport-classes-kqueue-4.1.96.Final.jar;C:\Users\fazil\.m2\repository\io\netty\netty-resolver-dns-native-macos\4.1.96.Final\netty-resolver-dns-native-macos-4.1.96.Final-osx-x86_64.jar;C:\Users\fazil\.m2\repository\io\netty\netty-resolver-dns-classes-macos\4.1.96.Final\netty-resolver-dns-classes-macos-4.1.96.Final.jar;C:\Users\fazil\.m2\repository\io\netty\netty-transport-native-unix-common\4.1.96.Final\netty-transport-native-unix-common-4.1.96.Final-osx-aarch_64.jar;C:\Users\fazil\.m2\repository\io\netty\netty-transport-native-kqueue\4.1.96.Final\netty-transport-native-kqueue-4.1.96.Final-osx-aarch_64.jar;C:\Users\fazil\.m2\repository\io\netty\netty-resolver-dns-native-macos\4.1.96.Final\netty-resolver-dns-native-macos-4.1.96.Final-osx-aarch_64.jar;C:\Users\fazil\.m2\repository\io\netty\netty-tcnative-boringssl-static\2.0.61.Final\netty-tcnative-boringssl-static-2.0.61.Final-linux-x86_64.jar;C:\Users\fazil\.m2\repository\io\netty\netty-tcnative-classes\2.0.61.Final\netty-tcnative-classes-2.0.61.Final.jar;C:\Users\fazil\.m2\repository\io\netty\netty-tcnative-boringssl-static\2.0.61.Final\netty-tcnative-boringssl-static-2.0.61.Final-linux-aarch_64.jar;C:\Users\fazil\.m2\repository\io\netty\netty-tcnative-boringssl-static\2.0.61.Final\netty-tcnative-boringssl-static-2.0.61.Final-osx-x86_64.jar;C:\Users\fazil\.m2\repository\io\netty\netty-tcnative-boringssl-static\2.0.61.Final\netty-tcnative-boringssl-static-2.0.61.Final-osx-aarch_64.jar;C:\Users\fazil\.m2\repository\io\netty\netty-tcnative-boringssl-static\2.0.61.Final\netty-tcnative-boringssl-static-2.0.61.Final-windows-x86_64.jar;C:\Users\fazil\.m2\repository\com\aayushatharva\brotli4j\brotli4j\1.12.0\brotli4j-1.12.0.jar;C:\Users\fazil\.m2\repository\com\aayushatharva\brotli4j\service\1.12.0\service-1.12.0.jar;C:\Users\fazil\.m2\repository\com\aayushatharva\brotli4j\native-windows-x86_64\1.12.0\native-windows-x86_64-1.12.0.jar;C:\Users\fazil\.m2\repository\org\apache\httpcomponents\httpclient\4.5.14\httpclient-4.5.14.jar;C:\Users\fazil\.m2\repository\org\apache\httpcomponents\httpcore\4.4.16\httpcore-4.4.16.jar;C:\Users\fazil\.m2\repository\commons-codec\commons-codec\1.16.0\commons-codec-1.16.0.jar;C:\Users\fazil\.m2\repository\ch\qos\logback\logback-classic\1.4.11\logback-classic-1.4.11.jar;C:\Users\fazil\.m2\repository\ch\qos\logback\logback-core\1.4.11\logback-core-1.4.11.jar;C:\Users\fazil\.m2\repository\org\slf4j\jcl-over-slf4j\2.0.9\jcl-over-slf4j-2.0.9.jar;C:\Users\fazil\.m2\repository\org\antlr\antlr4-runtime\4.11.1\antlr4-runtime-4.11.1.jar;C:\Users\fazil\.m2\repository\com\jayway\jsonpath\json-path\2.8.0\json-path-2.8.0.jar;C:\Users\fazil\.m2\repository\net\minidev\json-smart\2.4.10\json-smart-2.4.10.jar;C:\Users\fazil\.m2\repository\net\minidev\accessors-smart\2.4.9\accessors-smart-2.4.9.jar;C:\Users\fazil\.m2\repository\org\ow2\asm\asm\9.3\asm-9.3.jar;C:\Users\fazil\.m2\repository\org\yaml\snakeyaml\2.0\snakeyaml-2.0.jar;C:\Users\fazil\.m2\repository\de\siegmar\fastcsv\2.2.1\fastcsv-2.2.1.jar;C:\Users\fazil\.m2\repository\info\picocli\picocli\4.7.1\picocli-4.7.1.jar;C:\Users\fazil\.m2\repository\io\github\classgraph\classgraph\4.8.160\classgraph-4.8.160.jar;C:\Users\fazil\.m2\repository\io\github\t12y\resemble\1.0.2\resemble-1.0.2.jar;C:\Users\fazil\.m2\repository\io\github\t12y\ssim\1.0.0\ssim-1.0.0.jar;C:\Users\fazil\.m2\repository\org\junit\jupiter\junit-jupiter-api\5.9.3\junit-jupiter-api-5.9.3.jar;C:\Users\fazil\.m2\repository\org\opentest4j\opentest4j\1.2.0\opentest4j-1.2.0.jar;C:\Users\fazil\.m2\repository\org\junit\platform\junit-platform-commons\1.9.3\junit-platform-commons-1.9.3.jar;C:\Users\fazil\.m2\repository\org\apiguardian\apiguardian-api\1.1.2\apiguardian-api-1.1.2.jar;C:\Users\fazil\.m2\repository\org\junit\jupiter\junit-jupiter-engine\5.9.3\junit-jupiter-engine-5.9.3.jar;C:\Users\fazil\.m2\repository\org\junit\platform\junit-platform-engine\1.9.3\junit-platform-engine-1.9.3.jar;"/>
    <property name="sun.cpu.endian" value="little"/>
    <property name="user.home" value="C:\Users\fazil"/>
    <property name="user.language" value="en"/>
    <property name="java.specification.vendor" value="Oracle Corporation"/>
    <property name="java.version.date" value="2024-01-16"/>
    <property name="java.home" value="C:\Program Files\Java\jdk-21"/>
    <property name="file.separator" value="\"/>
    <property name="basedir" value="C:\Users\fazil\Downloads\api-project\myproject"/>
    <property name="java.vm.compressedOopsMode" value="32-bit"/>
    <property name="line.separator" value="&#10;"/>
    <property name="java.vm.specification.vendor" value="Oracle Corporation"/>
    <property name="java.specification.name" value="Java Platform API Specification"/>
    <property name="surefire.real.class.path" value="C:\Users\fazil\AppData\Local\Temp\surefire6611253949241738175\surefirebooter202577349997678064.jar"/>
    <property name="user.script" value=""/>
    <property name="sun.management.compiler" value="HotSpot 64-Bit Tiered Compilers"/>
    <property name="java.runtime.version" value="21.0.2+13-LTS-58"/>
    <property name="user.name" value="Amogha"/>
    <property name="stdout.encoding" value="Cp1252"/>
    <property name="path.separator" value=";"/>
    <property name="os.version" value="10.0"/>
    <property name="java.runtime.name" value="Java(TM) SE Runtime Environment"/>
    <property name="file.encoding" value="UTF-8"/>
    <property name="java.vm.name" value="Java HotSpot(TM) 64-Bit Server VM"/>
    <property name="localRepository" value="C:\Users\fazil\.m2\repository"/>
    <property name="java.vendor.url.bug" value="https://bugreport.java.com/bugreport/"/>
    <property name="java.io.tmpdir" value="C:\Users\fazil\AppData\Local\Temp\"/>
    <property name="java.version" value="21.0.2"/>
    <property name="user.dir" value="C:\Users\fazil\Downloads\api-project\myproject"/>
    <property name="os.arch" value="amd64"/>
    <property name="java.vm.specification.name" value="Java Virtual Machine Specification"/>
    <property name="sun.os.patch.level" value=""/>
    <property name="native.encoding" value="Cp1252"/>
    <property name="java.library.path" value="C:\Program Files\Java\jdk-21\bin;C:\WINDOWS\Sun\Java\bin;C:\WINDOWS\system32;C:\WINDOWS;C:\Python312\Scripts\;C:\Python312\;C:\Program Files\Common Files\Oracle\Java\javapath;C:\Program Files (x86)\Common Files\Oracle\Java\javapath;C:\Program Files\Python38\Scripts\;C:\Program Files\Python38\;C:\WINDOWS\system32;C:\WINDOWS;C:\WINDOWS\System32\Wbem;C:\WINDOWS\System32\WindowsPowerShell\v1.0\;C:\WINDOWS\System32\OpenSSH\;C:\Program Files\dotnet\;C:\ProgramData\chocolatey\bin;C:\Program Files\Git\cmd;C:\Program Files\Java\jre1.8.0_202\bin;C:\Program Files\Java\jdk1.8.0_202;C:\Program Files\Java\jdk-21\bin;C:\Program Files (x86)\Yarn\bin\;C:\Program Files\nodejs\;C:\Program Files\nodejs;C:\Users\fazil\Downloads\chromedriver-win64 (3)\chromedriver-win64;C:\webDriver;C:\driver;C:\Users\fazil\Downloads\apache-maven\apache-maven-3.9.9\bin;C:\Users\fazil\Downloads\apache-maven-3.9.9-bin\apache-maven-3.9.9\bin;C:\Users\fazil\scoop\shims;C:\Program Files\Nodejs;C:\WINDOWS\system32;C:\WINDOWS;C:\WINDOWS\System32\Wbem;C:\WINDOWS\System32\WindowsPowerShell\v1.0\;C:\WINDOWS\System32\OpenSSH\;C:\Program Files\dotnet\;C:\Program Files\nodejs\;C:\Program Files\Git\cmd;C:\Users\fazil\AppData\Local\Microsoft\WindowsApps;C:\Program Files\nodejs;C:\Program Files (x86);C:\Users\fazil\AppData\Local\Programs\Microsoft VS Code\bin;C:\Users\fazil\AppData\Local\Yarn\bin;C:\Users\fazil\Downloads\gradle-8.9-bin\gradle-8.9\bin;C:\Users\fazil\AppData\Roaming\npm;%USERPROFILE%\AppData\Local\Microsoft\WindowsApps;;."/>
    <property name="java.vm.info" value="mixed mode, sharing"/>
    <property name="stderr.encoding" value="Cp1252"/>
    <property name="java.vendor" value="Oracle Corporation"/>
    <property name="java.vm.version" value="21.0.2+13-LTS-58"/>
    <property name="sun.io.unicode.encoding" value="UnicodeLittle"/>
    <property name="java.class.version" value="65.0"/>
  </properties>
  <testcase name="testAll[1][1]" classname="examples.ExamplesTest" time="2.536"/>
  <testcase name="testAll[2][1]" classname="examples.ExamplesTest" time="2.048"/>
  <testcase name="testAll[2][2]" classname="examples.ExamplesTest" time="0.75"/>
  <testcase name="testAll[2][3]" classname="examples.ExamplesTest" time="0.719"/>
  <testcase name="testAll[2][4]" classname="examples.ExamplesTest" time="0.821">
    <failure message="status code was: 200, expected: 400, response time in milliseconds: 711, url: https://reqres.in/api/login, response: &#10;{&quot;token&quot;:&quot;QpwL5tke4Pnpja7X4&quot;}&#10;classpath:examples/users/login.feature:70" type="org.opentest4j.AssertionFailedError">org.opentest4j.AssertionFailedError: 
status code was: 200, expected: 400, response time in milliseconds: 711, url: https://reqres.in/api/login, response: 
{"token":"QpwL5tke4Pnpja7X4"}
classpath:examples/users/login.feature:70
</failure>
    <system-out><![CDATA[22:22:08.123 [main] INFO  com.intuit.karate - karate.env system property was: null 
22:22:08.140 [main] DEBUG com.intuit.karate - request:
1 > POST https://reqres.in/api/login
1 > x-api-key: reqres-free-v1
1 > Content-Type: application/json; charset=UTF-8
1 > Content-Length: 57
1 > Host: reqres.in
1 > Connection: Keep-Alive
1 > User-Agent: Apache-HttpClient/4.5.14 (Java/21.0.2)
1 > Accept-Encoding: gzip,deflate
{"email":"eve.holt@reqres.in","password":"wrongpassword"}

22:22:08.853 [main] DEBUG com.intuit.karate - response time in milliseconds: 711
1 < 200
1 < Date: Sun, 10 Aug 2025 16:52:08 GMT
1 < Content-Type: application/json; charset=utf-8
1 < Content-Length: 29
1 < Connection: keep-alive
1 < CF-RAY: 96d1007f9f982e2e-BOM
1 < Access-Control-Allow-Origin: *
1 < Etag: W/"1d-lGCrvD6B7Qzk11+2C98+nGhhuec"
1 < Nel: {"report_to":"heroku-nel","response_headers":["Via"],"max_age":3600,"success_fraction":0.01,"failure_fraction":0.1}
1 < Ratelimit-Limit: 100
1 < Ratelimit-Policy: 100;w=60
1 < Ratelimit-Remaining: 92
1 < Ratelimit-Reset: 58
1 < Referrer-Policy: strict-origin-when-cross-origin
1 < Report-To: {"group":"heroku-nel","endpoints":[{"url":"https://nel.heroku.com/reports?s=rRjrnwjlFgfw1QjeM05Vu7hBri0ZCzWtwTgnSU48J0Y%3D\u0026sid=c4c9725f-1ab0-44d8-820f-430df2718e11\u0026ts=1754844728"}],"max_age":3600}
1 < Reporting-Endpoints: heroku-nel="https://nel.heroku.com/reports?s=rRjrnwjlFgfw1QjeM05Vu7hBri0ZCzWtwTgnSU48J0Y%3D&sid=c4c9725f-1ab0-44d8-820f-430df2718e11&ts=1754844728"
1 < Via: 1.1 heroku-router
1 < X-Content-Type-Options: nosniff
1 < X-Frame-Options: DENY
1 < X-Request-Id: c526b5b3-8e8a-db6d-8611-33dd8d00fc1e
1 < X-Xss-Protection: 1; mode=block
1 < cf-cache-status: DYNAMIC
1 < Server: cloudflare
1 < server-timing: cfL4;desc="?proto=TCP&rtt=31781&min_rtt=30907&rtt_var=13339&sent=5&recv=6&lost=0&retrans=0&sent_bytes=3104&recv_bytes=1138&delivery_rate=115561&cwnd=252&unsent_bytes=0&cid=12527963322b3fb1&ts=246&x=0"
{"token":"QpwL5tke4Pnpja7X4"}

22:22:08.886 [main] ERROR com.intuit.karate - classpath:examples/users/login.feature:70
Then status 400
status code was: 200, expected: 400, response time in milliseconds: 711, url: https://reqres.in/api/login, response: 
{"token":"QpwL5tke4Pnpja7X4"}
classpath:examples/users/login.feature:70
]]></system-out>
  </testcase>
  <testcase name="testAll[2][5]" classname="examples.ExamplesTest" time="0.394"/>
  <testcase name="testAll[2][6]" classname="examples.ExamplesTest" time="0.558"/>
  <testcase name="testAll[2][7]" classname="examples.ExamplesTest" time="0.555"/>
  <testcase name="testAll[2][8]" classname="examples.ExamplesTest" time="1.983">
    <failure message="did not evaluate to &apos;true&apos;: karate.responseTime &lt; 2000&#10;classpath:examples/users/login.feature:136" type="org.opentest4j.AssertionFailedError"><![CDATA[org.opentest4j.AssertionFailedError: 
did not evaluate to 'true': karate.responseTime < 2000
classpath:examples/users/login.feature:136
]]></failure>
    <system-out><![CDATA[22:22:10.452 [main] INFO  com.intuit.karate - karate.env system property was: null 
22:22:10.469 [main] DEBUG com.intuit.karate - request:
1 > POST https://reqres.in/api/login
1 > x-api-key: reqres-free-v1
1 > Content-Type: application/json; charset=UTF-8
1 > Content-Length: 54
1 > Host: reqres.in
1 > Connection: Keep-Alive
1 > User-Agent: Apache-HttpClient/4.5.14 (Java/21.0.2)
1 > Accept-Encoding: gzip,deflate
{"email":"eve.holt@reqres.in","password":"cityslicka"}

22:22:11.219 [main] DEBUG com.intuit.karate - response time in milliseconds: 746
1 < 200
1 < Date: Sun, 10 Aug 2025 16:52:10 GMT
1 < Content-Type: application/json; charset=utf-8
1 < Content-Length: 29
1 < Connection: keep-alive
1 < CF-RAY: 96d1008e08db9a7e-NAG
1 < Access-Control-Allow-Origin: *
1 < Etag: W/"1d-lGCrvD6B7Qzk11+2C98+nGhhuec"
1 < Nel: {"report_to":"heroku-nel","response_headers":["Via"],"max_age":3600,"success_fraction":0.01,"failure_fraction":0.1}
1 < Ratelimit-Limit: 100
1 < Ratelimit-Policy: 100;w=60
1 < Ratelimit-Remaining: 84
1 < Ratelimit-Reset: 56
1 < Referrer-Policy: strict-origin-when-cross-origin
1 < Report-To: {"group":"heroku-nel","endpoints":[{"url":"https://nel.heroku.com/reports?s=ki2EQ%2BegyVesWgsTGR6KQBi1kHjgWcV6XaJ%2BAJAwP%2BM%3D\u0026sid=c4c9725f-1ab0-44d8-820f-430df2718e11\u0026ts=1754844730"}],"max_age":3600}
1 < Reporting-Endpoints: heroku-nel="https://nel.heroku.com/reports?s=ki2EQ%2BegyVesWgsTGR6KQBi1kHjgWcV6XaJ%2BAJAwP%2BM%3D&sid=c4c9725f-1ab0-44d8-820f-430df2718e11&ts=1754844730"
1 < Via: 1.1 heroku-router
1 < X-Content-Type-Options: nosniff
1 < X-Frame-Options: DENY
1 < X-Request-Id: efe248eb-5358-5bff-23fc-5ba73181d53b
1 < X-Xss-Protection: 1; mode=block
1 < cf-cache-status: DYNAMIC
1 < Server: cloudflare
1 < server-timing: cfL4;desc="?proto=TCP&rtt=25598&min_rtt=24879&rtt_var=10769&sent=4&recv=6&lost=0&retrans=0&sent_bytes=219&recv_bytes=1135&delivery_rate=47654&cwnd=250&unsent_bytes=0&cid=0288700331889e66&ts=379&x=0"
{"token":"QpwL5tke4Pnpja7X4"}

22:22:11.265 [main] ERROR com.intuit.karate - classpath:examples/users/login.feature:136
And assert karate.responseTime < 2000
did not evaluate to 'true': karate.responseTime < 2000
classpath:examples/users/login.feature:136
---------------------------------------------------------
feature: classpath:examples/users/login.feature
scenarios:  8 | passed:  6 | failed:  2 | time: 6.4711
---------------------------------------------------------

]]></system-out>
  </testcase>
  <testcase name="testAll[3][1]" classname="examples.ExamplesTest" time="0.621"/>
  <testcase name="testAll[3][2]" classname="examples.ExamplesTest" time="0.372"/>
  <testcase name="testAll[3][3]" classname="examples.ExamplesTest" time="0.475"/>
  <testcase name="testAll[3][4]" classname="examples.ExamplesTest" time="2.359"/>
  <testcase name="testAll[3][5]" classname="examples.ExamplesTest" time="0.445"/>
  <testcase name="testAll[3][6]" classname="examples.ExamplesTest" time="0.646"/>
  <testcase name="testAll[3][7]" classname="examples.ExamplesTest" time="1.471">
    <failure message="did not evaluate to &apos;true&apos;: karate.responseTime &lt; 2000&#10;classpath:examples/users/regester.feature:124" type="org.opentest4j.AssertionFailedError"><![CDATA[org.opentest4j.AssertionFailedError: 
did not evaluate to 'true': karate.responseTime < 2000
classpath:examples/users/regester.feature:124
]]></failure>
    <system-out><![CDATA[22:22:17.359 [main] INFO  com.intuit.karate - karate.env system property was: null 
22:22:17.372 [main] DEBUG com.intuit.karate - request:
1 > POST https://reqres.in/api/register
1 > x-api-key: reqres-free-v1
1 > Content-Type: application/json; charset=UTF-8
1 > Content-Length: 50
1 > Host: reqres.in
1 > Connection: Keep-Alive
1 > User-Agent: Apache-HttpClient/4.5.14 (Java/21.0.2)
1 > Accept-Encoding: gzip,deflate
{"email":"eve.holt@reqres.in","password":"pistol"}

22:22:18.307 [main] DEBUG com.intuit.karate - response time in milliseconds: 930
1 < 200
1 < Date: Sun, 10 Aug 2025 16:52:17 GMT
1 < Content-Type: application/json; charset=utf-8
1 < Content-Length: 36
1 < Connection: keep-alive
1 < CF-RAY: 96d100b94f33f7fa-BOM
1 < Access-Control-Allow-Origin: *
1 < Etag: W/"24-4iP0za1geN2he+ohu8F0FhCjLks"
1 < Nel: {"report_to":"heroku-nel","response_headers":["Via"],"max_age":3600,"success_fraction":0.01,"failure_fraction":0.1}
1 < Ratelimit-Limit: 100
1 < Ratelimit-Policy: 100;w=60
1 < Ratelimit-Remaining: 70
1 < Ratelimit-Reset: 49
1 < Referrer-Policy: strict-origin-when-cross-origin
1 < Report-To: {"group":"heroku-nel","endpoints":[{"url":"https://nel.heroku.com/reports?s=s09X%2FNNgCrFoJxGmOGGMla0fLfdYMKCp6lWcGnsfUsU%3D\u0026sid=c4c9725f-1ab0-44d8-820f-430df2718e11\u0026ts=1754844737"}],"max_age":3600}
1 < Reporting-Endpoints: heroku-nel="https://nel.heroku.com/reports?s=s09X%2FNNgCrFoJxGmOGGMla0fLfdYMKCp6lWcGnsfUsU%3D&sid=c4c9725f-1ab0-44d8-820f-430df2718e11&ts=1754844737"
1 < Via: 1.1 heroku-router
1 < X-Content-Type-Options: nosniff
1 < X-Frame-Options: DENY
1 < X-Request-Id: 485f2cd6-d135-f7d3-6bf1-a2a2d11b8ea6
1 < X-Xss-Protection: 1; mode=block
1 < cf-cache-status: DYNAMIC
1 < Server: cloudflare
1 < server-timing: cfL4;desc="?proto=TCP&rtt=32159&min_rtt=31204&rtt_var=13612&sent=5&recv=6&lost=0&retrans=0&sent_bytes=3105&recv_bytes=1134&delivery_rate=112747&cwnd=252&unsent_bytes=0&cid=b58cc87e56cdf0ec&ts=354&x=0"
{"id":4,"token":"QpwL5tke4Pnpja7X4"}

22:22:18.310 [main] ERROR com.intuit.karate - classpath:examples/users/regester.feature:124
And assert karate.responseTime < 2000
did not evaluate to 'true': karate.responseTime < 2000
classpath:examples/users/regester.feature:124
---------------------------------------------------------
feature: classpath:examples/users/regester.feature
scenarios:  7 | passed:  6 | failed:  1 | time: 5.7660
---------------------------------------------------------

]]></system-out>
  </testcase>
  <testcase name="testAll[4][1]" classname="examples.ExamplesTest" time="0.528"/>
  <testcase name="testAll[4][2]" classname="examples.ExamplesTest" time="0.421"/>
  <testcase name="testAll[4][3]" classname="examples.ExamplesTest" time="0.685"/>
  <testcase name="testAll[4][4]" classname="examples.ExamplesTest" time="0.649"/>
  <testcase name="testAll[4][5]" classname="examples.ExamplesTest" time="0.634"/>
  <testcase name="testAll[4][6]" classname="examples.ExamplesTest" time="0.357"/>
  <testcase name="testAll[4][7]" classname="examples.ExamplesTest" time="0.449"/>
  <testcase name="testAll[4][8]" classname="examples.ExamplesTest" time="1.739">
    <failure message="did not evaluate to &apos;true&apos;: karate.responseTime &lt; 2000&#10;classpath:examples/users/user_crud.feature:124" type="org.opentest4j.AssertionFailedError"><![CDATA[org.opentest4j.AssertionFailedError: 
did not evaluate to 'true': karate.responseTime < 2000
classpath:examples/users/user_crud.feature:124
]]></failure>
    <system-out><![CDATA[22:22:22.580 [main] INFO  com.intuit.karate - karate.env system property was: null 
22:22:22.596 [main] INFO  c.intuit.karate.core.FeatureRuntime - classpath:resources/stringGenerator.feature - call by tag at line 7: stringGenerator
22:22:22.614 [main] DEBUG com.intuit.karate - request:
1 > POST https://reqres.in/api/users
1 > x-api-key: reqres-free-v1
1 > Content-Type: application/json; charset=UTF-8
1 > Content-Length: 31
1 > Host: reqres.in
1 > Connection: Keep-Alive
1 > User-Agent: Apache-HttpClient/4.5.14 (Java/21.0.2)
1 > Accept-Encoding: gzip,deflate
{"name":"OLTgA","job":"leader"}

22:22:23.679 [main] DEBUG com.intuit.karate - response time in milliseconds: 1065
1 < 201
1 < Date: Sun, 10 Aug 2025 16:52:22 GMT
1 < Content-Type: application/json; charset=utf-8
1 < Content-Length: 81
1 < Connection: keep-alive
1 < CF-RAY: 96d100d9df539a9f-NAG
1 < Access-Control-Allow-Origin: *
1 < Etag: W/"51-Fv/djiCe8Kl8bjocIV7N/lFHBkw"
1 < Nel: {"report_to":"heroku-nel","response_headers":["Via"],"max_age":3600,"success_fraction":0.01,"failure_fraction":0.1}
1 < Ratelimit-Limit: 100
1 < Ratelimit-Policy: 100;w=60
1 < Ratelimit-Remaining: 54
1 < Ratelimit-Reset: 44
1 < Referrer-Policy: strict-origin-when-cross-origin
1 < Report-To: {"group":"heroku-nel","endpoints":[{"url":"https://nel.heroku.com/reports?s=sWsDqezhLOWa2JWu875%2FBHLl1Hj90uMEpvi3ayB0NPE%3D\u0026sid=c4c9725f-1ab0-44d8-820f-430df2718e11\u0026ts=1754844742"}],"max_age":3600}
1 < Reporting-Endpoints: heroku-nel="https://nel.heroku.com/reports?s=sWsDqezhLOWa2JWu875%2FBHLl1Hj90uMEpvi3ayB0NPE%3D&sid=c4c9725f-1ab0-44d8-820f-430df2718e11&ts=1754844742"
1 < Via: 1.1 heroku-router
1 < X-Content-Type-Options: nosniff
1 < X-Frame-Options: DENY
1 < X-Request-Id: 82c94d7c-687c-da35-566c-480b1bc51916
1 < X-Xss-Protection: 1; mode=block
1 < cf-cache-status: DYNAMIC
1 < Server: cloudflare
1 < server-timing: cfL4;desc="?proto=TCP&rtt=25249&min_rtt=25061&rtt_var=9774&sent=3&recv=6&lost=0&retrans=0&sent_bytes=219&recv_bytes=1112&delivery_rate=54957&cwnd=250&unsent_bytes=0&cid=241953aea6fb1012&ts=262&x=0"
{"name":"OLTgA","job":"leader","id":"935","createdAt":"2025-08-10T16:52:22.789Z"}

22:22:23.681 [main] ERROR com.intuit.karate - classpath:examples/users/user_crud.feature:124
And assert karate.responseTime < 2000
did not evaluate to 'true': karate.responseTime < 2000
classpath:examples/users/user_crud.feature:124
---------------------------------------------------------
feature: classpath:examples/users/user_crud.feature
scenarios:  8 | passed:  7 | failed:  1 | time: 4.7061
---------------------------------------------------------

]]></system-out>
  </testcase>
  <testcase name="testAll[5][1]" classname="examples.ExamplesTest" time="0.402"/>
  <testcase name="testAll[5][2]" classname="examples.ExamplesTest" time="1.202"/>
  <testcase name="testAll[5][3]" classname="examples.ExamplesTest" time="0.179"/>
  <testcase name="testAll[5][4]" classname="examples.ExamplesTest" time="0.17"/>
  <testcase name="testAll[5][5]" classname="examples.ExamplesTest" time="0.659"/>
  <testcase name="testAll[5][6]" classname="examples.ExamplesTest" time="4.242">
    <failure message="did not evaluate to &apos;true&apos;: karate.responseTime &gt;= 3000&#10;classpath:examples/users/user_listing.feature:76" type="org.opentest4j.AssertionFailedError">org.opentest4j.AssertionFailedError: 
did not evaluate to 'true': karate.responseTime >= 3000
classpath:examples/users/user_listing.feature:76
</failure>
    <system-out><![CDATA[22:22:26.951 [main] INFO  com.intuit.karate - karate.env system property was: null 
22:22:26.966 [main] DEBUG com.intuit.karate - request:
1 > GET https://reqres.in/api/users?delay=3
1 > x-api-key: reqres-free-v1
1 > Host: reqres.in
1 > Connection: Keep-Alive
1 > User-Agent: Apache-HttpClient/4.5.14 (Java/21.0.2)
1 > Accept-Encoding: gzip,deflate


22:22:31.170 [main] DEBUG com.intuit.karate - response time in milliseconds: 4191
1 < 200
1 < Date: Sun, 10 Aug 2025 16:52:30 GMT
1 < Content-Type: application/json; charset=utf-8
1 < Transfer-Encoding: chunked
1 < Connection: keep-alive
1 < Access-Control-Allow-Origin: *
1 < Etag: W/"41e-bY3U72nulxuwNd/TmihMEHjLmek"
1 < Nel: {"report_to":"heroku-nel","response_headers":["Via"],"max_age":3600,"success_fraction":0.01,"failure_fraction":0.1}
1 < Ratelimit-Limit: 100
1 < Ratelimit-Policy: 100;w=60
1 < Ratelimit-Remaining: 46
1 < Ratelimit-Reset: 36
1 < Referrer-Policy: strict-origin-when-cross-origin
1 < Report-To: {"group":"heroku-nel","endpoints":[{"url":"https://nel.heroku.com/reports?s=TBK2YoRQrLgkun77J0hqhH5ryqvSCoelD8MFyFh3amY%3D\u0026sid=c4c9725f-1ab0-44d8-820f-430df2718e11\u0026ts=1754844747"}],"max_age":3600}
1 < Reporting-Endpoints: heroku-nel="https://nel.heroku.com/reports?s=TBK2YoRQrLgkun77J0hqhH5ryqvSCoelD8MFyFh3amY%3D&sid=c4c9725f-1ab0-44d8-820f-430df2718e11&ts=1754844747"
1 < Via: 1.1 heroku-router
1 < X-Content-Type-Options: nosniff
1 < X-Frame-Options: DENY
1 < X-Request-Id: b809114b-2088-792d-0201-ab5df37f0050
1 < X-Xss-Protection: 1; mode=block
1 < cf-cache-status: DYNAMIC
1 < Server: cloudflare
1 < CF-RAY: 96d100f53c7e9a71-NAG
1 < server-timing: cfL4;desc="?proto=TCP&rtt=24788&min_rtt=24164&rtt_var=10309&sent=4&recv=6&lost=0&retrans=0&sent_bytes=219&recv_bytes=1021&delivery_rate=50073&cwnd=250&unsent_bytes=0&cid=ffb9563a1072feaf&ts=3281&x=0"
{"page":1,"per_page":6,"total":12,"total_pages":2,"data":[{"id":1,"email":"george.bluth@reqres.in","first_name":"George","last_name":"Bluth","avatar":"https://reqres.in/img/faces/1-image.jpg"},{"id":2,"email":"janet.weaver@reqres.in","first_name":"Janet","last_name":"Weaver","avatar":"https://reqres.in/img/faces/2-image.jpg"},{"id":3,"email":"emma.wong@reqres.in","first_name":"Emma","last_name":"Wong","avatar":"https://reqres.in/img/faces/3-image.jpg"},{"id":4,"email":"eve.holt@reqres.in","first_name":"Eve","last_name":"Holt","avatar":"https://reqres.in/img/faces/4-image.jpg"},{"id":5,"email":"charles.morris@reqres.in","first_name":"Charles","last_name":"Morris","avatar":"https://reqres.in/img/faces/5-image.jpg"},{"id":6,"email":"tracey.ramos@reqres.in","first_name":"Tracey","last_name":"Ramos","avatar":"https://reqres.in/img/faces/6-image.jpg"}],"support":{"url":"https://contentcaddy.io?utm_source=reqres&utm_medium=json&utm_campaign=referral","text":"Tired of writing endless social media content? Let Content Caddy generate it for you."}}

22:22:31.182 [main] ERROR com.intuit.karate - classpath:examples/users/user_listing.feature:76
And assert karate.responseTime >= 3000
did not evaluate to 'true': karate.responseTime >= 3000
classpath:examples/users/user_listing.feature:76
]]></system-out>
  </testcase>
  <testcase name="testAll[5][7]" classname="examples.ExamplesTest" time="1.369">
    <failure message="did not evaluate to &apos;true&apos;: karate.responseTime &lt; 2000&#10;classpath:examples/users/user_listing.feature:84" type="org.opentest4j.AssertionFailedError"><![CDATA[org.opentest4j.AssertionFailedError: 
did not evaluate to 'true': karate.responseTime < 2000
classpath:examples/users/user_listing.feature:84
]]></failure>
    <system-out><![CDATA[22:22:31.201 [main] INFO  com.intuit.karate - karate.env system property was: null 
22:22:31.205 [main] DEBUG com.intuit.karate - request:
1 > GET https://reqres.in/api/users?page=1
1 > x-api-key: reqres-free-v1
1 > Host: reqres.in
1 > Connection: Keep-Alive
1 > User-Agent: Apache-HttpClient/4.5.14 (Java/21.0.2)
1 > Accept-Encoding: gzip,deflate


22:22:31.747 [main] DEBUG com.intuit.karate - response time in milliseconds: 536
1 < 200
1 < Date: Sun, 10 Aug 2025 16:52:31 GMT
1 < Content-Type: application/json; charset=utf-8
1 < Transfer-Encoding: chunked
1 < Connection: keep-alive
1 < Access-Control-Allow-Origin: *
1 < Etag: W/"41e-bY3U72nulxuwNd/TmihMEHjLmek"
1 < Nel: {"report_to":"heroku-nel","response_headers":["Via"],"max_age":3600,"success_fraction":0.01,"failure_fraction":0.1}
1 < Ratelimit-Limit: 100
1 < Ratelimit-Policy: 100;w=60
1 < Ratelimit-Remaining: 44
1 < Ratelimit-Reset: 35
1 < Referrer-Policy: strict-origin-when-cross-origin
1 < Report-To: {"group":"heroku-nel","endpoints":[{"url":"https://nel.heroku.com/reports?s=YQRW9H16FWdoesVEPnyjM2zplPXKFGc2%2BPzPtAi0JrQ%3D\u0026sid=c4c9725f-1ab0-44d8-820f-430df2718e11\u0026ts=1754844751"}],"max_age":3600}
1 < Reporting-Endpoints: heroku-nel="https://nel.heroku.com/reports?s=YQRW9H16FWdoesVEPnyjM2zplPXKFGc2%2BPzPtAi0JrQ%3D&sid=c4c9725f-1ab0-44d8-820f-430df2718e11&ts=1754844751"
1 < Via: 1.1 heroku-router
1 < X-Content-Type-Options: nosniff
1 < X-Frame-Options: DENY
1 < X-Request-Id: 6f99616a-24b8-960c-eca7-e69df658c35d
1 < X-Xss-Protection: 1; mode=block
1 < Cache-Control: max-age=14400
1 < cf-cache-status: MISS
1 < Vary: Accept-Encoding
1 < Server: cloudflare
1 < CF-RAY: 96d1010fa9ce9a9c-NAG
1 < server-timing: cfL4;desc="?proto=TCP&rtt=25674&min_rtt=25021&rtt_var=10689&sent=3&recv=6&lost=0&retrans=0&sent_bytes=219&recv_bytes=1020&delivery_rate=48267&cwnd=250&unsent_bytes=0&cid=1b400b080f06744c&ts=478&x=0"
{"page":1,"per_page":6,"total":12,"total_pages":2,"data":[{"id":1,"email":"george.bluth@reqres.in","first_name":"George","last_name":"Bluth","avatar":"https://reqres.in/img/faces/1-image.jpg"},{"id":2,"email":"janet.weaver@reqres.in","first_name":"Janet","last_name":"Weaver","avatar":"https://reqres.in/img/faces/2-image.jpg"},{"id":3,"email":"emma.wong@reqres.in","first_name":"Emma","last_name":"Wong","avatar":"https://reqres.in/img/faces/3-image.jpg"},{"id":4,"email":"eve.holt@reqres.in","first_name":"Eve","last_name":"Holt","avatar":"https://reqres.in/img/faces/4-image.jpg"},{"id":5,"email":"charles.morris@reqres.in","first_name":"Charles","last_name":"Morris","avatar":"https://reqres.in/img/faces/5-image.jpg"},{"id":6,"email":"tracey.ramos@reqres.in","first_name":"Tracey","last_name":"Ramos","avatar":"https://reqres.in/img/faces/6-image.jpg"}],"support":{"url":"https://contentcaddy.io?utm_source=reqres&utm_medium=json&utm_campaign=referral","text":"Tired of writing endless social media content? Let Content Caddy generate it for you."}}

22:22:31.747 [main] ERROR com.intuit.karate - classpath:examples/users/user_listing.feature:84
And assert karate.responseTime < 2000
did not evaluate to 'true': karate.responseTime < 2000
classpath:examples/users/user_listing.feature:84
---------------------------------------------------------
feature: classpath:examples/users/user_listing.feature
scenarios:  7 | passed:  5 | failed:  2 | time: 7.3197
---------------------------------------------------------

Karate version: 1.4.1
======================================================
elapsed:  30.67 | threads:    1 | thread time: 24.27 
features:     5 | skipped:    0 | efficiency: 0.79
scenarios:   31 | passed:    25 | failed: 6
======================================================
>>> failed features:
status code was: 200, expected: 400, response time in milliseconds: 711, url: https://reqres.in/api/login, response: 
{"token":"QpwL5tke4Pnpja7X4"}
classpath:examples/users/login.feature:70
did not evaluate to 'true': karate.responseTime < 2000
classpath:examples/users/login.feature:136
did not evaluate to 'true': karate.responseTime < 2000
classpath:examples/users/regester.feature:124
did not evaluate to 'true': karate.responseTime < 2000
classpath:examples/users/user_crud.feature:124
did not evaluate to 'true': karate.responseTime >= 3000
classpath:examples/users/user_listing.feature:76
did not evaluate to 'true': karate.responseTime < 2000
classpath:examples/users/user_listing.feature:84
<<<

HTML report: (paste into browser to view) | Karate version: 1.4.1
file:///C:/Users/fazil/Downloads/api-project/myproject/target/karate-reports/karate-summary.html
===================================================================

]]></system-out>
  </testcase>
</testsuite>